\BOOKMARK [1][-]{section.1}{\376\377\225\356\230\230\166\204\122\006\147\220\116\016\221\315\217\360}{}% 1
\BOOKMARK [2][-]{subsection.1.1}{\376\377\163\257\130\203\116\016\120\107\213\276}{section.1}% 2
\BOOKMARK [2][-]{subsection.1.2}{\376\377\000W\000a\000t\000s\000o\000n\000\040\121\375\145\160\166\204\133\232\116\111\116\016\213\241\173\227}{section.1}% 3
\BOOKMARK [1][-]{section.2}{\376\377\155\113\213\325\163\257\202\202}{}% 4
\BOOKMARK [2][-]{subsection.2.1}{\376\377\116\011\116\052\155\113\213\325\121\375\145\160}{section.2}% 5
\BOOKMARK [3][-]{subsubsection.2.1.1}{\376\377\000R\000o\000s\000e\000n\000b\000r\000o\000c\000k\000\040\000f\000u\000n\000c\000t\000i\000o\000n}{subsection.2.1}% 6
\BOOKMARK [3][-]{subsubsection.2.1.2}{\376\377\000F\000r\000e\000u\000d\000e\000n\000s\000t\000e\000i\000n\000-\000a\000n\000d\000-\000R\000o\000t\000h\000\040\000f\000u\000n\000c\000t\000i\000o\000n}{subsection.2.1}% 7
\BOOKMARK [3][-]{subsubsection.2.1.3}{\376\377\000P\000o\000w\000e\000l\000l\000-\000b\000a\000d\000l\000y\000-\000s\000c\000a\000l\000e\000d\000\040\000f\000u\000n\000c\000t\000i\000o\000n}{subsection.2.1}% 8
\BOOKMARK [2][-]{subsection.2.2}{\376\377\217\205\122\251\217\157\116\366\150\300\155\113}{section.2}% 9
\BOOKMARK [1][-]{section.3}{\376\377\176\277\144\034\175\042\172\013\136\217}{}% 10
\BOOKMARK [2][-]{subsection.3.1}{\376\377\133\232\153\145\225\177}{section.3}% 11
\BOOKMARK [2][-]{subsection.3.2}{\376\377\174\276\170\156\176\277\144\034\175\042}{section.3}% 12
\BOOKMARK [2][-]{subsection.3.3}{\376\377\227\136\174\276\170\156\176\277\144\034\175\042}{section.3}% 13
\BOOKMARK [3][-]{subsubsection.3.3.1}{\376\377\000A\000r\000m\000i\000j\000o\000\040\000C\000o\000n\000d\000i\000t\000i\000o\000n}{subsection.3.3}% 14
\BOOKMARK [3][-]{subsubsection.3.3.2}{\376\377\000W\000o\000l\000f\000e\000\040\000C\000o\000n\000d\000i\000t\000i\000o\000n}{subsection.3.3}% 15
\BOOKMARK [3][-]{subsubsection.3.3.3}{\376\377\000S\000t\000r\000o\000n\000g\000\040\000W\000o\000l\000f\000e\000\040\000C\000o\000n\000d\000i\000t\000i\000o\000n}{subsection.3.3}% 16
\BOOKMARK [3][-]{subsubsection.3.3.4}{\376\377\000G\000o\000l\000d\000s\000t\000e\000i\000n\000\040\000C\000o\000n\000d\000i\000t\000i\000o\000n}{subsection.3.3}% 17
\BOOKMARK [1][-]{section.4}{\376\377\117\030\123\026\173\227\154\325}{}% 18
\BOOKMARK [2][-]{subsection.4.1}{\376\377\226\073\134\074\162\133\230\177\154\325}{section.4}% 19
\BOOKMARK [2][-]{subsection.4.2}{\376\377\117\356\153\143\162\133\230\177\154\325}{section.4}% 20
\BOOKMARK [2][-]{subsection.4.3}{\376\377\142\337\162\133\230\177\145\271\154\325}{section.4}% 21
\BOOKMARK [3][-]{subsubsection.4.3.1}{\376\377\000S\000R\0001\121\154\137\017}{subsection.4.3}% 22
\BOOKMARK [3][-]{subsubsection.4.3.2}{\376\377\000D\000F\000P\121\154\137\017}{subsection.4.3}% 23
\BOOKMARK [3][-]{subsubsection.4.3.3}{\376\377\000B\000F\000G\000S\121\154\137\017}{subsection.4.3}% 24
\BOOKMARK [1][-]{section.5}{\376\377\133\236\232\214\116\016\176\323\147\234}{}% 25
\BOOKMARK [2][-]{subsection.5.1}{\376\377\145\207\116\366\121\375\145\160\156\005\123\125}{section.5}% 26
\BOOKMARK [2][-]{subsection.5.2}{\376\377\165\050\150\300\232\214\121\375\145\160\150\300\232\214}{section.5}% 27
\BOOKMARK [2][-]{subsection.5.3}{\376\377\133\371\153\324\117\030\123\026\145\271\154\325}{section.5}% 28
\BOOKMARK [3][-]{subsubsection.5.3.1}{\376\377\126\372\133\232\153\145\225\177\116\016\174\276\170\156\176\277\144\034\175\042}{subsection.5.3}% 29
\BOOKMARK [3][-]{subsubsection.5.3.2}{\376\377\000A\000r\000m\000i\000j\000o\121\306\122\031}{subsection.5.3}% 30
\BOOKMARK [3][-]{subsubsection.5.3.3}{\376\377\000S\000t\000r\000o\000n\000g\000\040\000W\000o\000l\000f\000e\121\306\122\031}{subsection.5.3}% 31
\BOOKMARK [3][-]{subsubsection.5.3.4}{\376\377\000G\000o\000l\000d\000s\000t\000e\000i\000n\121\306\122\031}{subsection.5.3}% 32
\BOOKMARK [1][-]{section.6}{\376\377\176\323\213\272}{}% 33
\BOOKMARK [1][-]{section.7}{\376\377\124\016\213\260}{}% 34
\BOOKMARK [2][-]{subsection.7.1}{\376\377\162\110\147\054\117\356\153\143\213\364\146\016}{section.7}% 35
\BOOKMARK [2][-]{subsection.7.2}{\376\377\227\000\211\201\145\071\217\333\166\204\133\236\232\214\121\205\133\271}{section.7}% 36
\BOOKMARK [2][-]{subsection.7.3}{\376\377\133\236\232\214\217\307\172\013}{section.7}% 37
\BOOKMARK [2][-]{subsection.7.4}{\376\377\201\364\214\042}{section.7}% 38
\BOOKMARK [0][-]{subsection.7.4}{\376\377\123\302\200\003\145\207\163\056}{}% 39
